This file contains any messages produced by compilers while
running configure, to aid debugging if configure makes a mistake.

configure:565: checking host system type
configure:613: checking host system type
configure:634: checking target system type
configure:652: checking build system type
configure:722: checking for a BSD compatible install
configure:775: checking whether build environment is sane
configure:832: checking whether make sets ${MAKE}
configure:878: checking for working aclocal
configure:891: checking for working autoconf
configure:904: checking for working automake
configure:917: checking for working autoheader
configure:930: checking for working makeinfo
configure:948: checking for gcc
configure:1061: checking whether the C compiler (gcc  ) works
configure:1077: gcc -o conftest    conftest.c  1>&5
configure:1074:1: warning: return type defaults to 'int' [-Wimplicit-int]
 main(){return(0);}
 ^
configure:1103: checking whether the C compiler (gcc  ) is a cross-compiler
configure:1108: checking whether we are using GNU C
configure:1136: checking whether gcc accepts -g
configure:1172: checking for c++
configure:1204: checking whether the C++ compiler (c++  ) works
configure:1220: c++ -o conftest    conftest.C  1>&5
configure:1246: checking whether the C++ compiler (c++  ) is a cross-compiler
configure:1251: checking whether we are using GNU C++
configure:1279: checking whether c++ accepts -g
configure:1311: checking how to run the C preprocessor
configure:1413: checking for ranlib
configure:1525: checking for ld used by GCC
configure:1587: checking if the linker (/usr/bin/ld) is GNU ld
configure:1603: checking for BSD-compatible nm
configure:1639: checking whether ln -s works
ltconfig:590: checking for object suffix
ltconfig:591: gcc -c -g -O2  conftest.c 1>&5
ltconfig:721: checking if gcc PIC flag -fPIC works
ltconfig:722: gcc -c -g -O2 -fPIC -DPIC  conftest.c 1>&5
ltconfig:764: checking if gcc supports -c -o file.o
ltconfig:765: gcc -c -g -O2 -c -o conftest2.o  conftest.c 1>&5
ltconfig:792: checking if gcc supports -c -o file.lo
ltconfig:793: gcc -c -g -O2 -c -o conftest.lo  conftest.c 1>&5
ltconfig:844: checking if gcc supports -fno-rtti -fno-exceptions
ltconfig:845: gcc -c -g -O2 -fno-rtti -fno-exceptions -c conftest.c  conftest.c 1>&5
ltconfig:888: checking if gcc static flag -static works
ltconfig:889: gcc -o conftest -g -O2   -static conftest.c  1>&5
conftest.c:1:1: warning: return type defaults to 'int' [-Wimplicit-int]
 main(){return(0);}
 ^
GNU ld (GNU Binutils for Ubuntu) 2.26.1
ltconfig:1478: checking if global_symbol_pipe works
ltconfig:1479: gcc -c -g -O2  conftest.c 1>&5
conftest.c:9:1: warning: return type defaults to 'int' [-Wimplicit-int]
 main(){nm_test_var='a';nm_test_func();return(0);}
 ^
ltconfig:1482: eval "/usr/bin/nm -B conftest.o | sed -n -e 's/^.*[ 	]\([ABCDGISTW]\)[ 	][ 	]*\(\)\([_A-Za-z][_A-Za-z0-9]*\)$/  /p' > conftest.nm"
ltconfig:1534: gcc -o conftest -g -O2 -fno-builtin   conftest.c conftstm.o 1>&5
